
장치: mps
시드: [42, 0, 1, 2, 3]
모델: ['geometry']
하이퍼파라미터: epochs=100  batch=32  lr=0.00025
  [split] 기존 split 유지 (train=4000  val=1000)

═════════════════════════════════════════════════════════════════
  절제 연구: 1 모델 × 5 seed = 5 run
  epochs=100  batch=32  lr=0.00025  device=mps
═════════════════════════════════════════════════════════════════


[1/5]  모델=geometry  seed=42
  저장 경로: /Users/doyoung/Documents/Blender/results/ablation_study/seed_42/geometry
  → 미완료 run 감지 (1/100 ep) — 이어받기
    파라미터: 1,643,718  |  train=4000  val=1000
/Users/doyoung/Documents/Blender/train/ablation_study.py:394: UserWarning: Detected call of `lr_scheduler.step()` before `optimizer.step()`. In PyTorch 1.1.0 and later, you should call them in the opposite order: `optimizer.step()` before `lr_scheduler.step()`.  Failure to do this will result in PyTorch skipping the first value of the learning rate schedule. See more details at https://pytorch.org/docs/stable/optim.html#how-to-adjust-learning-rate
  scheduler.step()
    [resume] ep 1 → 100 이어받기  (best so far: ep=1  val_loss=6.3872)
    ep   2/100 [129s]  lr=2.50e-04  train_loss=5.3540  val_loss=5.2136  hm_max=0.6590  grad=22.09  Z=1.477m  ADD-S=3.0320m ★
    ep   3/100 [123s]  lr=2.50e-04  train_loss=4.8635  val_loss=5.5226  hm_max=0.7774  grad=19.81  Z=1.968m  ADD-S=3.1136m
    ep   4/100 [123s]  lr=2.50e-04  train_loss=4.5146  val_loss=4.5795  hm_max=0.7952  grad=20.76  Z=1.275m  ADD-S=2.6757m ★
    ep   5/100 [127s]  lr=2.50e-04  train_loss=4.3916  val_loss=4.4731  hm_max=0.8289  grad=21.92  Z=0.856m  ADD-S=2.1829m ★
    ep   6/100 [131s]  lr=2.50e-04  train_loss=4.1880  val_loss=4.4606  hm_max=0.8463  grad=19.03  Z=0.941m  ADD-S=2.4933m ★
    ep   7/100 [130s]  lr=2.50e-04  train_loss=4.0160  val_loss=7.5746  hm_max=0.8375  grad=19.12  Z=3.213m  ADD-S=3.7695m
    ep   8/100 [129s]  lr=2.50e-04  train_loss=3.9022  val_loss=4.4970  hm_max=0.9156  grad=20.66  Z=1.034m  ADD-S=2.3217m
