
장치: mps
시드: [42, 0, 1, 2, 3]
모델: ['baseline', 'geometry', 'baseline_depth', 'geometry_aux']
하이퍼파라미터: epochs=200  batch=32  lr=0.0005
  [split] 기존 split 유지 (train=3999  val=999)

═════════════════════════════════════════════════════════════════
  절제 연구: 4 모델 × 5 seed = 20 run
  epochs=200  batch=32  lr=0.0005  device=mps
═════════════════════════════════════════════════════════════════


[1/20]  모델=baseline  seed=42
  저장 경로: /Users/doyoung/Documents/Blender/results/ablation_study/seed_42/baseline
  → 미완료 run 감지 (29/200 ep) — 이어받기
    파라미터: 1,570,057  |  train=3999  val=999
/Users/doyoung/Documents/Blender/train/ablation_study.py:386: UserWarning: Detected call of `lr_scheduler.step()` before `optimizer.step()`. In PyTorch 1.1.0 and later, you should call them in the opposite order: `optimizer.step()` before `lr_scheduler.step()`.  Failure to do this will result in PyTorch skipping the first value of the learning rate schedule. See more details at https://pytorch.org/docs/stable/optim.html#how-to-adjust-learning-rate
  scheduler.step()
    [resume] ep 29 → 200 이어받기  (best so far: ep=26  val_loss=2.2901)
/Users/doyoung/Documents/Blender/.venv/lib/python3.14/site-packages/torch/utils/data/dataloader.py:1118: UserWarning: 'pin_memory' argument is set as true but not supported on MPS now, device pinned memory won't be used.
  super().__init__(loader)
    ep  30/200 [116s]  lr=5.00e-04  val_loss=2.3049  grad=1.92  Z=2.048m  ADD-S=3.6322m
    ep  40/200 [110s]  lr=5.00e-04  val_loss=2.2843  grad=1.99  Z=2.506m  ADD-S=3.7167m ★
    ep  50/200 [112s]  lr=5.00e-04  val_loss=2.2940  grad=2.78  Z=2.488m  ADD-S=3.6509m
    ep  60/200 [112s]  lr=5.00e-04  val_loss=2.3087  grad=3.51  Z=2.502m  ADD-S=3.3979m
    ep  70/200 [112s]  lr=5.00e-04  val_loss=2.1801  grad=4.38  Z=2.652m  ADD-S=3.8309m
    ep  80/200 [112s]  lr=5.00e-04  val_loss=2.2284  grad=4.28  Z=2.352m  ADD-S=3.7476m
    ep  90/200 [111s]  lr=5.00e-04  val_loss=2.1489  grad=3.73  Z=2.297m  ADD-S=3.7796m
